Training Loss	
-2.6775e+00	
-3.5765e+00	
-3.7147e+00	
-3.7803e+00	
-3.8204e+00	
-3.8486e+00	
-3.8689e+00	
-3.8861e+00	
-3.8993e+00	
-3.9106e+00	
-3.9205e+00	
-3.9298e+00	
-3.9370e+00	
-3.9445e+00	
-3.9504e+00	
-3.9570e+00	
-3.9622e+00	
-3.9679e+00	
-3.9730e+00	
-3.9776e+00	
-3.9820e+00	
-3.9864e+00	
-3.9901e+00	
-3.9943e+00	
-3.9978e+00	
-4.0014e+00	
-4.0053e+00	
-4.0085e+00	
-4.0117e+00	
-4.0143e+00	
-4.0179e+00	
-4.0207e+00	
-4.0236e+00	
-4.0264e+00	
-4.0292e+00	
-4.0321e+00	
-4.0346e+00	
-4.0371e+00	
-4.0393e+00	
-4.0415e+00	
-4.0443e+00	
-4.0463e+00	
-4.0484e+00	
-4.0511e+00	
-4.0527e+00	
-4.0553e+00	
-4.0572e+00	
-4.0590e+00	
-4.0608e+00	
-4.0637e+00	
-4.0653e+00	
-4.0669e+00	
-4.0692e+00	
-4.0708e+00	
-4.0724e+00	
-4.0745e+00	
-4.0760e+00	
-4.0779e+00	
-4.0795e+00	
-4.0812e+00	
-4.0830e+00	
-4.0851e+00	
-4.0869e+00	
-4.0882e+00	
-4.0898e+00	
-4.0913e+00	
-4.0934e+00	
-4.0948e+00	
-4.0958e+00	
-4.0978e+00	
-4.0992e+00	
-4.1009e+00	
-4.1023e+00	
-4.1040e+00	
-4.1053e+00	
-4.1062e+00	
-4.1080e+00	
-4.1097e+00	
-4.1109e+00	
-4.1122e+00	
-4.1132e+00	
-4.1146e+00	
-4.1162e+00	
-4.1176e+00	
-4.1188e+00	
-4.1201e+00	
-4.1217e+00	
-4.1228e+00	
-4.1238e+00	
-4.1257e+00	
-4.1268e+00	
-4.1277e+00	
-4.1292e+00	
-4.1302e+00	
-4.1317e+00	
-4.1327e+00	
-4.1344e+00	
-4.1349e+00	
-4.1357e+00	
-4.1376e+00	
