Training Loss	
-2.6638e+00	
-3.5759e+00	
-3.7187e+00	
-3.7843e+00	
-3.8244e+00	
-3.8516e+00	
-3.8724e+00	
-3.8884e+00	
-3.9019e+00	
-3.9131e+00	
-3.9226e+00	
-3.9310e+00	
-3.9389e+00	
-3.9458e+00	
-3.9521e+00	
-3.9583e+00	
-3.9634e+00	
-3.9683e+00	
-3.9734e+00	
-3.9781e+00	
-3.9823e+00	
-3.9866e+00	
-3.9906e+00	
-3.9946e+00	
-3.9982e+00	
-4.0017e+00	
-4.0051e+00	
-4.0083e+00	
-4.0118e+00	
-4.0146e+00	
-4.0178e+00	
-4.0208e+00	
-4.0236e+00	
-4.0266e+00	
-4.0290e+00	
-4.0318e+00	
-4.0345e+00	
-4.0368e+00	
-4.0393e+00	
-4.0417e+00	
-4.0441e+00	
-4.0466e+00	
-4.0488e+00	
-4.0513e+00	
-4.0537e+00	
-4.0562e+00	
-4.0578e+00	
-4.0600e+00	
-4.0621e+00	
-4.0643e+00	
-4.0660e+00	
-4.0679e+00	
-4.0702e+00	
-4.0718e+00	
-4.0740e+00	
-4.0756e+00	
-4.0779e+00	
-4.0797e+00	
-4.0812e+00	
-4.0833e+00	
-4.0847e+00	
-4.0861e+00	
-4.0883e+00	
-4.0902e+00	
-4.0915e+00	
-4.0935e+00	
-4.0949e+00	
-4.0965e+00	
-4.0983e+00	
-4.0999e+00	
-4.1012e+00	
-4.1029e+00	
-4.1048e+00	
-4.1063e+00	
-4.1075e+00	
-4.1094e+00	
-4.1111e+00	
-4.1122e+00	
-4.1137e+00	
-4.1144e+00	
-4.1162e+00	
-4.1176e+00	
-4.1191e+00	
-4.1202e+00	
-4.1221e+00	
-4.1229e+00	
-4.1253e+00	
-4.1256e+00	
-4.1279e+00	
-4.1279e+00	
-4.1299e+00	
-4.1308e+00	
-4.1325e+00	
-4.1338e+00	
-4.1347e+00	
-4.1361e+00	
-4.1373e+00	
-4.1380e+00	
-4.1393e+00	
-4.1406e+00	
