Training Loss	
-2.2391e+00	
-3.2047e+00	
-3.4436e+00	
-3.5738e+00	
-3.6560e+00	
-3.7129e+00	
-3.7539e+00	
-3.7847e+00	
-3.8092e+00	
-3.8289e+00	
-3.8445e+00	
-3.8750e+00	
-3.9088e+00	
-3.9314e+00	
-3.9484e+00	
-3.9612e+00	
-3.9725e+00	
-3.9808e+00	
-3.9881e+00	
-3.9963e+00	
-4.0032e+00	
-4.0089e+00	
-4.0134e+00	
-4.0167e+00	
-4.0187e+00	
-4.0197e+00	
-4.0214e+00	
-4.0240e+00	
-4.0275e+00	
-4.0327e+00	
-4.0382e+00	
-4.0449e+00	
-4.0512e+00	
-4.0568e+00	
-4.0625e+00	
-4.0675e+00	
-4.0724e+00	
-4.0769e+00	
-4.0824e+00	
-4.0862e+00	
-4.0913e+00	
-4.0951e+00	
-4.0978e+00	
-4.1011e+00	
-4.1089e+00	
-4.1185e+00	
-4.1251e+00	
-4.1281e+00	
-4.1306e+00	
-4.1306e+00	
-4.1305e+00	
-4.1309e+00	
-4.1329e+00	
-4.1342e+00	
-4.1350e+00	
-4.1368e+00	
-4.1381e+00	
-4.1389e+00	
-4.1397e+00	
-4.1406e+00	
-4.1413e+00	
-4.1423e+00	
-4.1425e+00	
-4.1433e+00	
-4.1419e+00	
-4.1417e+00	
-4.1414e+00	
-4.1420e+00	
-4.1430e+00	
-4.1441e+00	
-4.1451e+00	
-4.1423e+00	
-4.1415e+00	
-4.1462e+00	
-4.1491e+00	
-4.1513e+00	
-4.1530e+00	
-4.1545e+00	
-4.1557e+00	
-4.1573e+00	
-4.1583e+00	
-4.1602e+00	
-4.1617e+00	
-4.1627e+00	
-4.1627e+00	
-4.1620e+00	
-4.1616e+00	
-4.1749e+00	
-4.1871e+00	
-4.1872e+00	
-4.1562e+00	
-4.1786e+00	
-4.2028e+00	
-4.1951e+00	
-4.1795e+00	
-4.1931e+00	
-4.2061e+00	
-4.2050e+00	
-4.2119e+00	
-4.2040e+00	
